*** Using Compiler 'V5.06 update 5 (build 528)', folder: 'D:\Keil_v5\ARM\ARMCC\Bin'
Build target 'IoT_Terminal'
compiling event_groups.c...
compiling croutine.c...
compiling timers.c...
compiling list.c...
compiling heap_4.c...
compiling stream_buffer.c...
compiling port.c...
compiling tasks.c...
compiling queue.c...
compiling main.c...
compiling app_sensor.c...
compiling cmsis_os2.c...
compiling freertos.c...
compiling app_update_data.c...
compiling bsp_esp8266.c...
compiling app_esp8266.c...
linking...
Program Size: Code=37640 RO-data=3732 RW-data=276 ZI-data=19924  
FromELF: creating hex file...
".\Objects\STM32F103_Project.axf" - 0 Error(s), 0 Warning(s).
Build Time Elapsed:  00:00:03
